
=== Sun Jan 30 17:30:25 2022

Packages were changed.
Update Mode: updateDependencies

The following packages were added:
  com.unity.ide.visualstudio@2.0.12
The following packages were updated:
  com.unity.ide.rider from version 1.1.4 to 1.2.1
  com.unity.ide.vscode from version 1.1.4 to 1.2.4
  com.unity.shadergraph from version 7.1.8 to 7.3.1
  com.unity.timeline from version 1.2.6 to 1.2.18

=== Tue Jan 28 09:05:50 2025

Packages were changed.
Update Mode: updateDependencies

The following packages were updated:
  com.unity.ide.rider from version 1.2.1 to 3.0.21
  com.unity.ide.visualstudio from version 2.0.12 to 2.0.18
  com.unity.ide.vscode from version 1.2.4 to 1.2.5
  com.unity.inputsystem from version 1.2.0 to 1.5.1
  com.unity.performance.profile-analyzer from version 0.6.0-preview.1 to 1.1.1
  com.unity.shadergraph from version 7.3.1 to 10.10.1
  com.unity.timeline from version 1.2.18 to 1.4.8
